0 info it worked if it ends with ok
1 verbose cli [ 'node', '/usr/local/bin/npm', 'publish' ]
2 info using npm@2.4.1
3 info using node@v0.10.25
4 verbose node symlink /usr/local/bin/node
5 verbose publish [ '.' ]
6 silly cache add args [ '.', null ]
7 verbose cache add spec .
8 silly cache add parsed spec { raw: '.',
8 silly cache add   scope: null,
8 silly cache add   name: null,
8 silly cache add   rawSpec: '.',
8 silly cache add   spec: '/home/tf/workspace/node-deatchbycaptcha',
8 silly cache add   type: 'directory' }
9 verbose addLocalDirectory /home/tf/.npm/deathbycaptcha4/1.2.0/package.tgz not in flight; packing
10 verbose tar pack [ '/home/tf/.npm/deathbycaptcha4/1.2.0/package.tgz',
10 verbose tar pack   '/home/tf/workspace/node-deatchbycaptcha' ]
11 verbose tarball /home/tf/.npm/deathbycaptcha4/1.2.0/package.tgz
12 verbose folder /home/tf/workspace/node-deatchbycaptcha
13 info prepublish deathbycaptcha4@1.2.0
14 verbose addLocalTarball adding from inside cache /home/tf/.npm/deathbycaptcha4/1.2.0/package.tgz
15 silly cache afterAdd deathbycaptcha4@1.2.0
16 verbose afterAdd /home/tf/.npm/deathbycaptcha4/1.2.0/package/package.json not in flight; writing
17 verbose afterAdd /home/tf/.npm/deathbycaptcha4/1.2.0/package/package.json written
18 silly publish { name: 'deathbycaptcha4',
18 silly publish   description: 'deathbycaptcha API wrapper for Node.js',
18 silly publish   tags: [ 'captcha', 'deathbycaptcha' ],
18 silly publish   author: { name: 'Eric Abouaf', email: 'eric.abouaf@gmail.com' },
18 silly publish   version: '1.2.0',
18 silly publish   repository:
18 silly publish    { type: 'git',
18 silly publish      url: 'https://github.com/designoid/node-deatchbycaptcha' },
18 silly publish   main: './index.js',
18 silly publish   dependencies: { request: '2.9.202', mime: '1.2.7' },
18 silly publish   readme: '# deathbycaptcha API wrapper for Node.js\n\nPost a captcha to the [deathbycaptcha](http://www.deathbycaptcha.com/) service, then polls until the captcha is decoded.\n\n## Installation\n\n    npm install deathbycaptcha4\n\n\n## Usage\n\n\nSet up your credentials:\n\n    var deathbycaptcha = require(\'deathbycaptcha4\');\n\n    deathbycaptcha.credentials({\n        username: \'yourusername\',\n        password: \'xxxxxxxx\'\n    });\n\n\nDecode from a url, with a 10 seconds polling interval:\n\n    deathbycaptcha.decodeUrl(url, 10000, function(err, result) {\n        console.log(result.text);\n    });\n\n\nor decode from a file:\n\n    deathbycaptcha.decodeFile(\'modern-captcha.jpg\', 10000, function(err, result) {\n        console.log(result.text, result.id);\n    });\n\n\nreport invalid captcha:\n\n    deathbycaptcha.report(captchaId, function(err, result) {\n        console.log(err);\n    });  \n\n\nget your credit balance:\n\n    deathbycaptcha.credit(function(err, result) {\n        console.log(result.balance);\n    });\n\nget service status:\n\n    deathbycaptcha.status(function(err, result) {\n        console.log(result.todays_accuracy);\n    });\n',
18 silly publish   readmeFilename: 'README.md',
18 silly publish   gitHead: 'b80b7a9f4582ba00c19b077d1d8ff9ce7882295f',
18 silly publish   bugs: { url: 'https://github.com/designoid/node-deatchbycaptcha/issues' },
18 silly publish   homepage: 'https://github.com/designoid/node-deatchbycaptcha',
18 silly publish   _id: 'deathbycaptcha4@1.2.0',
18 silly publish   scripts: {},
18 silly publish   _shasum: '9552b5ec6e5fc67f4b580166ead1223738d6f235',
18 silly publish   _from: '.' }
19 silly mapToRegistry name deathbycaptcha4
20 silly mapToRegistry using default registry
21 silly mapToRegistry registry https://registry.npmjs.org/
22 silly mapToRegistry uri https://registry.npmjs.org/deathbycaptcha4
23 verbose publish registryBase https://registry.npmjs.org/
24 silly publish uploading /home/tf/.npm/deathbycaptcha4/1.2.0/package.tgz
25 verbose request uri https://registry.npmjs.org/deathbycaptcha4
26 verbose request sending authorization for write operation
27 info attempt registry request try #1 at 12:05:24
28 verbose request id 4e4e3ff769829722
29 http request PUT https://registry.npmjs.org/deathbycaptcha4
30 http 403 https://registry.npmjs.org/deathbycaptcha4
31 verbose headers { date: 'Fri, 06 Feb 2015 11:05:22 GMT',
31 verbose headers   server: 'CouchDB/1.5.0 (Erlang OTP/R16B03)',
31 verbose headers   'content-type': 'application/json',
31 verbose headers   'cache-control': 'max-age=60',
31 verbose headers   'content-length': '3721',
31 verbose headers   'accept-ranges': 'bytes',
31 verbose headers   via: '1.1 varnish',
31 verbose headers   'x-served-by': 'cache-lhr6321-LHR',
31 verbose headers   'x-cache': 'MISS',
31 verbose headers   'x-cache-hits': '0',
31 verbose headers   'x-timer': 'S1423220722.379490,VS0,VE595',
31 verbose headers   'keep-alive': 'timeout=10, max=50',
31 verbose headers   connection: 'Keep-Alive' }
32 verbose request invalidating /home/tf/.npm/registry.npmjs.org/deathbycaptcha4 on PUT
33 error publish Failed PUT 403
34 verbose stack Error: forbidden cannot modify pre-existing version: 1.2.0
34 verbose stack old={"name":"deathbycaptcha4","description":"deathbycaptcha API wrapper for Node.js","tags":["captcha","deathbycaptcha"],"author":{"name":"Eric Abouaf","email":"eric.abouaf@gmail.com"},"version":"1.2.0","repository":{"type":"git","url":"https://github.com/designoid/node-deatchbycaptcha"},"main":"./index.js","dependencies":{"request":"2.9.202","mime":"1.2.7"},"gitHead":"74e728773400584121d797925a50fb8c0a5180d2","bugs":{"url":"https://github.com/designoid/node-deatchbycaptcha/issues"},"homepage":"https://github.com/designoid/node-deatchbycaptcha","_id":"deathbycaptcha4@1.2.0","scripts":{},"_shasum":"25f339f88fe6bd07f9554bab9fe3241b7456578e","_from":".","_npmVersion":"1.4.28","_npmUser":{"name":"thfo","email":"thorben@fohlmeister.com"},"maintainers":[{"name":"thfo","email":"thorben@fohlmeister.com"}],"dist":{"shasum":"25f339f88fe6bd07f9554bab9fe3241b7456578e","tarball":"http://registry.npmjs.org/deathbycaptcha4/-/deathbycaptcha4-1.2.0.tgz"}}
34 verbose stack new={"name":"deathbycaptcha4","description":"deathbycaptcha API wrapper for Node.js","tags":["captcha","deathbycaptcha"],"author":{"name":"Eric Abouaf","email":"eric.abouaf@gmail.com"},"version":"1.2.0","repository":{"type":"git","url":"https://github.com/designoid/node-deatchbycaptcha"},"main":"./index.js","dependencies":{"request":"2.9.202","mime":"1.2.7"},"readme":"# deathbycaptcha API wrapper for Node.js\u000a\u000aPost a captcha to the [deathbycaptcha](http://www.deathbycaptcha.com/) service, then polls until the captcha is decoded.\u000a\u000a## Installation\u000a\u000a    npm install deathbycaptcha4\u000a\u000a\u000a## Usage\u000a\u000a\u000aSet up your credentials:\u000a\u000a    var deathbycaptcha = require('deathbycaptcha4');\u000a\u000a    deathbycaptcha.credentials({\u000a        username: 'yourusername',\u000a        password: 'xxxxxxxx'\u000a    });\u000a\u000a\u000aDecode from a url, with a 10 seconds polling interval:\u000a\u000a    deathbycaptcha.decodeUrl(url, 10000, function(err, result) {\u000a        console.log(result.text);\u000a    });\u000a\u000a\u000aor decode from a file:\u000a\u000a    deathbycaptcha.decodeFile('modern-captcha.jpg', 10000, function(err, result) {\u000a        console.log(result.text, result.id);\u000a    });\u000a\u000a\u000areport invalid captcha:\u000a\u000a    deathbycaptcha.report(captchaId, function(err, result) {\u000a        console.log(err);\u000a    });  \u000a\u000a\u000aget your credit balance:\u000a\u000a    deathbycaptcha.credit(function(err, result) {\u000a        console.log(result.balance);\u000a    });\u000a\u000aget service status:\u000a\u000a    deathbycaptcha.status(function(err, result) {\u000a        console.log(result.todays_accuracy);\u000a    });\u000a","readmeFilename":"README.md","gitHead":"b80b7a9f4582ba00c19b077d1d8ff9ce7882295f","bugs":{"url":"https://github.com/designoid/node-deatchbycaptcha/issues"},"homepage":"https://github.com/designoid/node-deatchbycaptcha","_id":"deathbycaptcha4@1.2.0","scripts":{},"_shasum":"9552b5ec6e5fc67f4b580166ead1223738d6f235","_from":".","_npmVersion":"2.4.1","_nodeVersion":"0.10.25","_npmUser":{"name":"thfo","email":"thorben@fohlmeister.com"},"maintainers":[{"name":"thfo","email":"thorben@fohlmeister.com"}],"dist":{"shasum":"9552b5ec6e5fc67f4b580166ead1223738d6f235","tarball":"http://registry.npmjs.org/deathbycaptcha4/-/deathbycaptcha4-1.2.0.tgz"}}: deathbycaptcha4
34 verbose stack     at CachingRegistryClient.<anonymous> (/usr/local/lib/node_modules/npm/node_modules/npm-registry-client/lib/request.js:254:14)
34 verbose stack     at Request._callback (/usr/local/lib/node_modules/npm/node_modules/npm-registry-client/lib/request.js:178:14)
34 verbose stack     at Request.self.callback (/usr/local/lib/node_modules/npm/node_modules/request/request.js:373:22)
34 verbose stack     at Request.EventEmitter.emit (events.js:98:17)
34 verbose stack     at Request.<anonymous> (/usr/local/lib/node_modules/npm/node_modules/request/request.js:1318:14)
34 verbose stack     at Request.EventEmitter.emit (events.js:117:20)
34 verbose stack     at IncomingMessage.<anonymous> (/usr/local/lib/node_modules/npm/node_modules/request/request.js:1266:12)
34 verbose stack     at IncomingMessage.EventEmitter.emit (events.js:117:20)
34 verbose stack     at _stream_readable.js:920:16
34 verbose stack     at process._tickCallback (node.js:415:13)
35 verbose statusCode 403
36 verbose pkgid deathbycaptcha4
37 verbose cwd /home/tf/workspace/node-deatchbycaptcha
38 error Linux 3.13.0-37-generic
39 error argv "node" "/usr/local/bin/npm" "publish"
40 error node v0.10.25
41 error npm  v2.4.1
42 error code E403
43 error forbidden cannot modify pre-existing version: 1.2.0
43 error old={"name":"deathbycaptcha4","description":"deathbycaptcha API wrapper for Node.js","tags":["captcha","deathbycaptcha"],"author":{"name":"Eric Abouaf","email":"eric.abouaf@gmail.com"},"version":"1.2.0","repository":{"type":"git","url":"https://github.com/designoid/node-deatchbycaptcha"},"main":"./index.js","dependencies":{"request":"2.9.202","mime":"1.2.7"},"gitHead":"74e728773400584121d797925a50fb8c0a5180d2","bugs":{"url":"https://github.com/designoid/node-deatchbycaptcha/issues"},"homepage":"https://github.com/designoid/node-deatchbycaptcha","_id":"deathbycaptcha4@1.2.0","scripts":{},"_shasum":"25f339f88fe6bd07f9554bab9fe3241b7456578e","_from":".","_npmVersion":"1.4.28","_npmUser":{"name":"thfo","email":"thorben@fohlmeister.com"},"maintainers":[{"name":"thfo","email":"thorben@fohlmeister.com"}],"dist":{"shasum":"25f339f88fe6bd07f9554bab9fe3241b7456578e","tarball":"http://registry.npmjs.org/deathbycaptcha4/-/deathbycaptcha4-1.2.0.tgz"}}
43 error new={"name":"deathbycaptcha4","description":"deathbycaptcha API wrapper for Node.js","tags":["captcha","deathbycaptcha"],"author":{"name":"Eric Abouaf","email":"eric.abouaf@gmail.com"},"version":"1.2.0","repository":{"type":"git","url":"https://github.com/designoid/node-deatchbycaptcha"},"main":"./index.js","dependencies":{"request":"2.9.202","mime":"1.2.7"},"readme":"# deathbycaptcha API wrapper for Node.js\u000a\u000aPost a captcha to the [deathbycaptcha](http://www.deathbycaptcha.com/) service, then polls until the captcha is decoded.\u000a\u000a## Installation\u000a\u000a    npm install deathbycaptcha4\u000a\u000a\u000a## Usage\u000a\u000a\u000aSet up your credentials:\u000a\u000a    var deathbycaptcha = require('deathbycaptcha4');\u000a\u000a    deathbycaptcha.credentials({\u000a        username: 'yourusername',\u000a        password: 'xxxxxxxx'\u000a    });\u000a\u000a\u000aDecode from a url, with a 10 seconds polling interval:\u000a\u000a    deathbycaptcha.decodeUrl(url, 10000, function(err, result) {\u000a        console.log(result.text);\u000a    });\u000a\u000a\u000aor decode from a file:\u000a\u000a    deathbycaptcha.decodeFile('modern-captcha.jpg', 10000, function(err, result) {\u000a        console.log(result.text, result.id);\u000a    });\u000a\u000a\u000areport invalid captcha:\u000a\u000a    deathbycaptcha.report(captchaId, function(err, result) {\u000a        console.log(err);\u000a    });  \u000a\u000a\u000aget your credit balance:\u000a\u000a    deathbycaptcha.credit(function(err, result) {\u000a        console.log(result.balance);\u000a    });\u000a\u000aget service status:\u000a\u000a    deathbycaptcha.status(function(err, result) {\u000a        console.log(result.todays_accuracy);\u000a    });\u000a","readmeFilename":"README.md","gitHead":"b80b7a9f4582ba00c19b077d1d8ff9ce7882295f","bugs":{"url":"https://github.com/designoid/node-deatchbycaptcha/issues"},"homepage":"https://github.com/designoid/node-deatchbycaptcha","_id":"deathbycaptcha4@1.2.0","scripts":{},"_shasum":"9552b5ec6e5fc67f4b580166ead1223738d6f235","_from":".","_npmVersion":"2.4.1","_nodeVersion":"0.10.25","_npmUser":{"name":"thfo","email":"thorben@fohlmeister.com"},"maintainers":[{"name":"thfo","email":"thorben@fohlmeister.com"}],"dist":{"shasum":"9552b5ec6e5fc67f4b580166ead1223738d6f235","tarball":"http://registry.npmjs.org/deathbycaptcha4/-/deathbycaptcha4-1.2.0.tgz"}}: deathbycaptcha4
44 error If you need help, you may report this error at:
44 error     <http://github.com/npm/npm/issues>
45 verbose exit [ 1, true ]
